<?xml version="1.0" encoding="UTF-8"?>
<!-- Generated by org.testng.reporters.JUnitXMLReporter -->
<testsuite ignored="0" hostname="JAI" failures="0" tests="7" name="Default test" time="13.994" errors="0" timestamp="2025-05-20T22:25:52 IST">
  <testcase classname="test.TestSuite" name="TS01_Add_to_do" time="1.201"/>
  <testcase classname="test.TestSuite" name="TS01_Add_to_do" time="1.267"/>
  <testcase classname="test.TestSuite" name="TS01_Add_to_do" time="1.235"/>
  <testcase classname="test.TestSuite" name="TS01_Add_to_do" time="1.249"/>
  <testcase classname="test.TestSuite" name="TS02_Mark_Completed" time="0.249"/>
  <testcase classname="test.TestSuite" name="TS03_Delete_the_item" time="3.449"/>
  <testcase classname="test.TestSuite" name="TS04_Delete_the_item" time="5.299"/>
</testsuite> <!-- Default test -->
