<?xml version="1.0" encoding="UTF-8"?>
<testng-results ignored="0" total="7" passed="7" failed="0" skipped="0">
  <reporter-output>
  </reporter-output>
  <suite started-at="2025-05-20T22:25:38 IST" name="Default suite" finished-at="2025-05-20T22:25:52 IST" duration-ms="13994">
    <groups>
    </groups>
    <test started-at="2025-05-20T22:25:38 IST" name="Default test" finished-at="2025-05-20T22:25:52 IST" duration-ms="13994">
      <class name="test.TestSuite">
        <test-method is-config="true" signature="setup()[pri:0, instance:test.TestSuite@dd05255]" started-at="2025-05-20T22:25:32 IST" name="setup" finished-at="2025-05-20T22:25:38 IST" duration-ms="6344" status="PASS">
          <reporter-output>
          </reporter-output>
        </test-method> <!-- setup -->
        <test-method signature="TS01_Add_to_do(java.lang.String,int)[pri:1, instance:test.TestSuite@dd05255]" started-at="2025-05-20T22:25:38 IST" name="TS01_Add_to_do" data-provider="todoData" finished-at="2025-05-20T22:25:39 IST" duration-ms="1201" status="PASS">
          <params>
            <param index="0">
              <value>
                <![CDATA[Drink Water Every Hour]]>
              </value>
            </param>
            <param index="1">
              <value>
                <![CDATA[1]]>
              </value>
            </param>
          </params>
          <reporter-output>
          </reporter-output>
        </test-method> <!-- TS01_Add_to_do -->
        <test-method signature="TS01_Add_to_do(java.lang.String,int)[pri:1, instance:test.TestSuite@dd05255]" started-at="2025-05-20T22:25:39 IST" name="TS01_Add_to_do" data-provider="todoData" finished-at="2025-05-20T22:25:41 IST" duration-ms="1267" status="PASS">
          <params>
            <param index="0">
              <value>
                <![CDATA[Exercise Daily]]>
              </value>
            </param>
            <param index="1">
              <value>
                <![CDATA[2]]>
              </value>
            </param>
          </params>
          <reporter-output>
          </reporter-output>
        </test-method> <!-- TS01_Add_to_do -->
        <test-method signature="TS01_Add_to_do(java.lang.String,int)[pri:1, instance:test.TestSuite@dd05255]" started-at="2025-05-20T22:25:41 IST" name="TS01_Add_to_do" data-provider="todoData" finished-at="2025-05-20T22:25:42 IST" duration-ms="1235" status="PASS">
          <params>
            <param index="0">
              <value>
                <![CDATA[Clean the house]]>
              </value>
            </param>
            <param index="1">
              <value>
                <![CDATA[3]]>
              </value>
            </param>
          </params>
          <reporter-output>
          </reporter-output>
        </test-method> <!-- TS01_Add_to_do -->
        <test-method signature="TS01_Add_to_do(java.lang.String,int)[pri:1, instance:test.TestSuite@dd05255]" started-at="2025-05-20T22:25:42 IST" name="TS01_Add_to_do" data-provider="todoData" finished-at="2025-05-20T22:25:43 IST" duration-ms="1249" status="PASS">
          <params>
            <param index="0">
              <value>
                <![CDATA[Meditate Daily]]>
              </value>
            </param>
            <param index="1">
              <value>
                <![CDATA[4]]>
              </value>
            </param>
          </params>
          <reporter-output>
          </reporter-output>
        </test-method> <!-- TS01_Add_to_do -->
        <test-method signature="TS02_Mark_Completed()[pri:2, instance:test.TestSuite@dd05255]" started-at="2025-05-20T22:25:43 IST" name="TS02_Mark_Completed" finished-at="2025-05-20T22:25:43 IST" duration-ms="249" status="PASS">
          <reporter-output>
          </reporter-output>
        </test-method> <!-- TS02_Mark_Completed -->
        <test-method signature="TS03_Delete_the_item()[pri:3, instance:test.TestSuite@dd05255]" started-at="2025-05-20T22:25:43 IST" name="TS03_Delete_the_item" finished-at="2025-05-20T22:25:47 IST" duration-ms="3449" status="PASS">
          <reporter-output>
          </reporter-output>
        </test-method> <!-- TS03_Delete_the_item -->
        <test-method signature="TS04_Delete_the_item()[pri:4, instance:test.TestSuite@dd05255]" started-at="2025-05-20T22:25:47 IST" name="TS04_Delete_the_item" finished-at="2025-05-20T22:25:52 IST" duration-ms="5299" status="PASS">
          <reporter-output>
          </reporter-output>
        </test-method> <!-- TS04_Delete_the_item -->
        <test-method is-config="true" signature="close()[pri:0, instance:test.TestSuite@dd05255]" started-at="2025-05-20T22:25:52 IST" name="close" finished-at="2025-05-20T22:25:52 IST" duration-ms="0" status="PASS">
          <reporter-output>
          </reporter-output>
        </test-method> <!-- close -->
      </class> <!-- test.TestSuite -->
    </test> <!-- Default test -->
  </suite> <!-- Default suite -->
</testng-results>
